<?xml version="1.0" encoding="UTF-8"?>
<!-- Generated by org.testng.reporters.JUnitReportReporter -->
<testsuite hostname="LTIN484790" failures="0" tests="10" name="testCases.TruTime" time="2.258" errors="0" timestamp="2024-02-16T14:41:52 IST" skipped="0">
  <testcase classname="testCases.TruTime" name="validateCurrentMonthAndYear" time="0.041"/>
  <testcase classname="testCases.TruTime" name="validateCurrentMonthAndYear" time="0.040"/>
  <testcase classname="testCases.TruTime" name="validateBackDatedTopUp" time="0.045"/>
  <testcase classname="testCases.TruTime" name="validateBackDatedTopUp" time="0.041"/>
  <testcase classname="testCases.TruTime" name="printLegends" time="0.651"/>
  <testcase classname="testCases.TruTime" name="printLegends" time="0.873"/>
  <testcase classname="testCases.TruTime" name="validateCurrentHighlightedDate" time="0.047"/>
  <testcase classname="testCases.TruTime" name="validateCurrentHighlightedDate" time="0.029"/>
  <testcase classname="testCases.TruTime" name="validateTruTimeDates" time="0.362"/>
  <testcase classname="testCases.TruTime" name="validateTruTimeDates" time="0.129"/>
</testsuite> <!-- testCases.TruTime -->
