<?xml version="1.0" encoding="UTF-8"?>
<!-- Generated by org.testng.reporters.JUnitReportReporter -->
<testsuite hostname="LTIN484790" failures="0" tests="4" name="testCases.BeCognizant" time="67.624" errors="0" timestamp="2024-02-16T14:41:52 IST" skipped="0">
  <testcase classname="testCases.BeCognizant" name="getInfo" time="23.728"/>
  <testcase classname="testCases.BeCognizant" name="getInfo" time="23.599"/>
  <testcase classname="testCases.BeCognizant" name="verifyOneCogni" time="10.134"/>
  <testcase classname="testCases.BeCognizant" name="verifyOneCogni" time="10.163"/>
</testsuite> <!-- testCases.BeCognizant -->
