<?xml version="1.0" encoding="UTF-8"?>
<!-- Generated by org.testng.reporters.JUnitReportReporter -->
<testsuite hostname="LTIN484790" failures="0" tests="4" name="testCases.OneCognizant" time="50.266" errors="0" timestamp="2024-02-16T14:41:52 IST" skipped="0">
  <testcase classname="testCases.OneCognizant" name="searchTruTime" time="15.640"/>
  <testcase classname="testCases.OneCognizant" name="searchTruTime" time="14.197"/>
  <testcase classname="testCases.OneCognizant" name="validateTruTimePage" time="10.199"/>
  <testcase classname="testCases.OneCognizant" name="validateTruTimePage" time="10.230"/>
</testsuite> <!-- testCases.OneCognizant -->
